# JRE version: Java(TM) SE Runtime Environment (8.0_141-b15) (build 1.8.0_141-b15)
# Java VM: Java HotSpot(TM) 64-Bit Server VM (25.141-b15 mixed mode bsd-amd64 compressed oops)
Heap:
 garbage-first heap   total 262144K, used 145920K [0x0000000780000000, 0x0000000780100800, 0x00000007c0000000)
  region size 1024K, 12 young (12288K), 2 survivors (2048K)
 Metaspace       used 145441K, capacity 160388K, committed 160764K, reserved 1187840K
  class space    used 17760K, capacity 21884K, committed 22012K, reserved 1048576K
GC Heap History (10 events):
Event: 1253.734 GC heap after
Heap after GC invocations=72 (full 0):
 garbage-first heap   total 262144K, used 155836K [0x0000000780000000, 0x0000000780100800, 0x00000007c0000000)
  region size 1024K, 2 young (2048K), 2 survivors (2048K)
 Metaspace       used 144684K, capacity 159548K, committed 159740K, reserved 1187840K
  class space    used 17742K, capacity 21884K, committed 22012K, reserved 1048576K
}
Event: 1282.777 GC heap before
{Heap before GC invocations=72 (full 0):
 garbage-first heap   total 262144K, used 226492K [0x0000000780000000, 0x0000000780100800, 0x00000007c0000000)
  region size 1024K, 71 young (72704K), 2 survivors (2048K)
 Metaspace       used 144913K, capacity 159804K, committed 159996K, reserved 1187840K
  class space    used 17742K, capacity 21884K, committed 22012K, reserved 1048576K
Event: 1282.800 GC heap after
Heap after GC invocations=73 (full 0):
 garbage-first heap   total 262144K, used 157914K [0x0000000780000000, 0x0000000780100800, 0x00000007c0000000)
  region size 1024K, 4 young (4096K), 4 survivors (4096K)
 Metaspace       used 144913K, capacity 159804K, committed 159996K, reserved 1187840K
  class space    used 17742K, capacity 21884K, committed 22012K, reserved 1048576K
}
Event: 1313.065 GC heap before
{Heap before GC invocations=73 (full 0):
 garbage-first heap   total 262144K, used 226522K [0x0000000780000000, 0x0000000780100800, 0x00000007c0000000)
  region size 1024K, 71 young (72704K), 4 survivors (4096K)
 Metaspace       used 145124K, capacity 160066K, committed 160252K, reserved 1187840K
  class space    used 17746K, capacity 21885K, committed 22012K, reserved 1048576K
Event: 1313.080 GC heap after
Heap after GC invocations=74 (full 0):
 garbage-first heap   total 262144K, used 170784K [0x0000000780000000, 0x0000000780100800, 0x00000007c0000000)
  region size 1024K, 9 young (9216K), 9 survivors (9216K)
 Metaspace       used 145124K, capacity 160066K, committed 160252K, reserved 1187840K
  class space    used 17746K, capacity 21885K, committed 22012K, reserved 1048576K
}
Event: 1333.632 GC heap before
{Heap before GC invocations=75 (full 0):
 garbage-first heap   total 262144K, used 232443K [0x0000000780000000, 0x0000000780100800, 0x00000007c0000000)
  region size 1024K, 62 young (63488K), 9 survivors (9216K)
 Metaspace       used 145388K, capacity 160256K, committed 160508K, reserved 1187840K
  class space    used 17760K, capacity 21884K, committed 22012K, reserved 1048576K
Event: 1333.646 GC heap after
Heap after GC invocations=76 (full 0):
 garbage-first heap   total 262144K, used 160256K [0x0000000780000000, 0x0000000780100800, 0x00000007c0000000)
  region size 1024K, 5 young (5120K), 5 survivors (5120K)
 Metaspace       used 145388K, capacity 160256K, committed 160508K, reserved 1187840K
  class space    used 17760K, capacity 21884K, committed 22012K, reserved 1048576K
}
Event: 1337.275 GC heap before
{Heap before GC invocations=76 (full 0):
 garbage-first heap   total 262144K, used 167424K [0x0000000780000000, 0x0000000780100800, 0x00000007c0000000)
  region size 1024K, 12 young (12288K), 5 survivors (5120K)
 Metaspace       used 145402K, capacity 160256K, committed 160508K, reserved 1187840K
  class space    used 17760K, capacity 21884K, committed 22012K, reserved 1048576K
Event: 1337.293 GC heap after
Heap after GC invocations=77 (full 0):
 garbage-first heap   total 262144K, used 135680K [0x0000000780000000, 0x0000000780100800, 0x00000007c0000000)
  region size 1024K, 2 young (2048K), 2 survivors (2048K)
 Metaspace       used 145402K, capacity 160256K, committed 160508K, reserved 1187840K
  class space    used 17760K, capacity 21884K, committed 22012K, reserved 1048576K
}
Event: 1340.280 GC heap before
{Heap before GC invocations=77 (full 0):
 garbage-first heap   total 262144K, used 145920K [0x0000000780000000, 0x0000000780100800, 0x00000007c0000000)
  region size 1024K, 12 young (12288K), 2 survivors (2048K)
 Metaspace       used 145441K, capacity 160388K, committed 160764K, reserved 1187840K
  class space    used 17760K, capacity 21884K, committed 22012K, reserved 1048576K

